The target system is: Android - 1 - aarch64
The host system is: Linux - 5.15.0-41-generic - x86_64
Detecting C compiler ABI info compiled with the following output:
Change Dir: /home/maathess/Bureau/VOLTAMAP/src/main/app/.buildozer/android/platform/build-arm64-v8a_armeabi-v7a/build/other_builds/jpeg/arm64-v8a__ndk_target_21/jpeg/CMakeFiles/CMakeTmp

Run Build Command(s):/usr/bin/gmake -f Makefile cmTC_81669/fast && make -j1  -f CMakeFiles/cmTC_81669.dir/build.make CMakeFiles/cmTC_81669.dir/build
make[1]: Entering directory '/home/maathess/Bureau/VOLTAMAP/src/main/app/.buildozer/android/platform/build-arm64-v8a_armeabi-v7a/build/other_builds/jpeg/arm64-v8a__ndk_target_21/jpeg/CMakeFiles/CMakeTmp'
Building C object CMakeFiles/cmTC_81669.dir/CMakeCCompilerABI.c.o
/home/maathess/.buildozer/android/platform/android-ndk-r19c/toolchains/llvm/prebuilt/linux-x86_64/bin/clang --target=aarch64-none-linux-android21 --gcc-toolchain=/home/maathess/.buildozer/android/platform/android-ndk-r19c/toolchains/llvm/prebuilt/linux-x86_64 --sysroot=/home/maathess/.buildozer/android/platform/android-ndk-r19c/toolchains/llvm/prebuilt/linux-x86_64/sysroot   -g -DANDROID -fdata-sections -ffunction-sections -funwind-tables -fstack-protector-strong -no-canonical-prefixes -fno-addrsig -Wa,--noexecstack -Wformat   -fPIE   -v -MD -MT CMakeFiles/cmTC_81669.dir/CMakeCCompilerABI.c.o -MF CMakeFiles/cmTC_81669.dir/CMakeCCompilerABI.c.o.d -o CMakeFiles/cmTC_81669.dir/CMakeCCompilerABI.c.o -c /usr/share/cmake-3.22/Modules/CMakeCCompilerABI.c
Android (5058415 based on r339409) clang version 8.0.2 (https://android.googlesource.com/toolchain/clang 40173bab62ec746213857d083c0e8b0abb568790) (https://android.googlesource.com/toolchain/llvm 7a6618d69e7e8111e1d49dc9e7813767c5ca756a) (based on LLVM 8.0.2svn)
Target: aarch64-none-linux-android21
Thread model: posix
InstalledDir: /home/maathess/.buildozer/android/platform/android-ndk-r19c/toolchains/llvm/prebuilt/linux-x86_64/bin
Found candidate GCC installation: /home/maathess/.buildozer/android/platform/android-ndk-r19c/toolchains/llvm/prebuilt/linux-x86_64/lib/gcc/aarch64-linux-android/4.9.x
Selected GCC installation: /home/maathess/.buildozer/android/platform/android-ndk-r19c/toolchains/llvm/prebuilt/linux-x86_64/lib/gcc/aarch64-linux-android/4.9.x
Candidate multilib: .;@m64
Selected multilib: .;@m64
 "/home/maathess/.buildozer/android/platform/android-ndk-r19c/toolchains/llvm/prebuilt/linux-x86_64/bin/clang" -cc1 -triple aarch64-none-linux-android21 -emit-obj -mrelax-all -mnoexecstack -disable-free -disable-llvm-verifier -discard-value-names -main-file-name CMakeCCompilerABI.c -mrelocation-model pic -pic-level 2 -pic-is-pie -mthread-model posix -mdisable-fp-elim -fmath-errno -masm-verbose -mconstructor-aliases -munwind-tables -fuse-init-array -target-cpu generic -target-feature +neon -target-abi aapcs -mllvm -aarch64-fix-cortex-a53-835769=1 -fallow-half-arguments-and-returns -dwarf-column-info -debug-info-kind=limited -dwarf-version=4 -debugger-tuning=gdb -v -ffunction-sections -fdata-sections -coverage-notes-file /home/maathess/Bureau/VOLTAMAP/src/main/app/.buildozer/android/platform/build-arm64-v8a_armeabi-v7a/build/other_builds/jpeg/arm64-v8a__ndk_target_21/jpeg/CMakeFiles/CMakeTmp/CMakeFiles/cmTC_81669.dir/CMakeCCompilerABI.c.gcno -resource-dir /home/maathess/.buildozer/android/platform/android-ndk-r19c/toolchains/llvm/prebuilt/linux-x86_64/lib64/clang/8.0.2 -dependency-file CMakeFiles/cmTC_81669.dir/CMakeCCompilerABI.c.o.d -sys-header-deps -MT CMakeFiles/cmTC_81669.dir/CMakeCCompilerABI.c.o -D ANDROID -isysroot /home/maathess/.buildozer/android/platform/android-ndk-r19c/toolchains/llvm/prebuilt/linux-x86_64/sysroot -internal-isystem /home/maathess/.buildozer/android/platform/android-ndk-r19c/toolchains/llvm/prebuilt/linux-x86_64/sysroot/usr/local/include -internal-isystem /home/maathess/.buildozer/android/platform/android-ndk-r19c/toolchains/llvm/prebuilt/linux-x86_64/lib64/clang/8.0.2/include -internal-externc-isystem /home/maathess/.buildozer/android/platform/android-ndk-r19c/toolchains/llvm/prebuilt/linux-x86_64/sysroot/usr/include/aarch64-linux-android -internal-externc-isystem /home/maathess/.buildozer/android/platform/android-ndk-r19c/toolchains/llvm/prebuilt/linux-x86_64/sysroot/include -internal-externc-isystem /home/maathess/.buildozer/android/platform/android-ndk-r19c/toolchains/llvm/prebuilt/linux-x86_64/sysroot/usr/include -Wformat -fdebug-compilation-dir /home/maathess/Bureau/VOLTAMAP/src/main/app/.buildozer/android/platform/build-arm64-v8a_armeabi-v7a/build/other_builds/jpeg/arm64-v8a__ndk_target_21/jpeg/CMakeFiles/CMakeTmp -ferror-limit 19 -fmessage-length 0 -stack-protector 2 -fno-signed-char -fobjc-runtime=gcc -fdiagnostics-show-option -o CMakeFiles/cmTC_81669.dir/CMakeCCompilerABI.c.o -x c /usr/share/cmake-3.22/Modules/CMakeCCompilerABI.c
clang -cc1 version 8.0.2 based upon LLVM 8.0.2svn default target x86_64-unknown-linux-gnu
ignoring nonexistent directory "/home/maathess/.buildozer/android/platform/android-ndk-r19c/toolchains/llvm/prebuilt/linux-x86_64/sysroot/include"
#include "..." search starts here:
#include <...> search starts here:
 /home/maathess/.buildozer/android/platform/android-ndk-r19c/toolchains/llvm/prebuilt/linux-x86_64/sysroot/usr/local/include
 /home/maathess/.buildozer/android/platform/android-ndk-r19c/toolchains/llvm/prebuilt/linux-x86_64/lib64/clang/8.0.2/include
 /home/maathess/.buildozer/android/platform/android-ndk-r19c/toolchains/llvm/prebuilt/linux-x86_64/sysroot/usr/include/aarch64-linux-android
 /home/maathess/.buildozer/android/platform/android-ndk-r19c/toolchains/llvm/prebuilt/linux-x86_64/sysroot/usr/include
End of search list.
Linking C executable cmTC_81669
/usr/bin/cmake -E cmake_link_script CMakeFiles/cmTC_81669.dir/link.txt --verbose=1
/home/maathess/.buildozer/android/platform/android-ndk-r19c/toolchains/llvm/prebuilt/linux-x86_64/bin/clang --target=aarch64-none-linux-android21 --gcc-toolchain=/home/maathess/.buildozer/android/platform/android-ndk-r19c/toolchains/llvm/prebuilt/linux-x86_64 --sysroot=/home/maathess/.buildozer/android/platform/android-ndk-r19c/toolchains/llvm/prebuilt/linux-x86_64/sysroot -g -DANDROID -fdata-sections -ffunction-sections -funwind-tables -fstack-protector-strong -no-canonical-prefixes -fno-addrsig -Wa,--noexecstack -Wformat   -Wl,--exclude-libs,libgcc.a -Wl,--exclude-libs,libatomic.a -static-libstdc++ -Wl,--build-id -Wl,--warn-shared-textrel -Wl,--fatal-warnings -Wl,--no-undefined -Qunused-arguments -Wl,-z,noexecstack -Wl,-z,relro -Wl,-z,now -Wl,--gc-sections  -v CMakeFiles/cmTC_81669.dir/CMakeCCompilerABI.c.o -o cmTC_81669 
Android (5058415 based on r339409) clang version 8.0.2 (https://android.googlesource.com/toolchain/clang 40173bab62ec746213857d083c0e8b0abb568790) (https://android.googlesource.com/toolchain/llvm 7a6618d69e7e8111e1d49dc9e7813767c5ca756a) (based on LLVM 8.0.2svn)
Target: aarch64-none-linux-android21
Thread model: posix
InstalledDir: /home/maathess/.buildozer/android/platform/android-ndk-r19c/toolchains/llvm/prebuilt/linux-x86_64/bin
Found candidate GCC installation: /home/maathess/.buildozer/android/platform/android-ndk-r19c/toolchains/llvm/prebuilt/linux-x86_64/lib/gcc/aarch64-linux-android/4.9.x
Selected GCC installation: /home/maathess/.buildozer/android/platform/android-ndk-r19c/toolchains/llvm/prebuilt/linux-x86_64/lib/gcc/aarch64-linux-android/4.9.x
Candidate multilib: .;@m64
Selected multilib: .;@m64
 "/home/maathess/.buildozer/android/platform/android-ndk-r19c/toolchains/llvm/prebuilt/linux-x86_64/lib/gcc/aarch64-linux-android/4.9.x/../../../../aarch64-linux-android/bin/ld" --sysroot=/home/maathess/.buildozer/android/platform/android-ndk-r19c/toolchains/llvm/prebuilt/linux-x86_64/sysroot -pie --fix-cortex-a53-843419 --enable-new-dtags --eh-frame-hdr -m aarch64linux -dynamic-linker /system/bin/linker64 -o cmTC_81669 /home/maathess/.buildozer/android/platform/android-ndk-r19c/toolchains/llvm/prebuilt/linux-x86_64/sysroot/usr/lib/aarch64-linux-android/21/crtbegin_dynamic.o -L/home/maathess/.buildozer/android/platform/android-ndk-r19c/toolchains/llvm/prebuilt/linux-x86_64/lib64/clang/8.0.2/lib/linux/aarch64 -L/home/maathess/.buildozer/android/platform/android-ndk-r19c/toolchains/llvm/prebuilt/linux-x86_64/lib/gcc/aarch64-linux-android/4.9.x -L/home/maathess/.buildozer/android/platform/android-ndk-r19c/toolchains/llvm/prebuilt/linux-x86_64/lib/gcc/aarch64-linux-android/4.9.x/../../../../aarch64-linux-android/lib/../lib64 -L/home/maathess/.buildozer/android/platform/android-ndk-r19c/toolchains/llvm/prebuilt/linux-x86_64/sysroot/usr/lib/aarch64-linux-android/21 -L/home/maathess/.buildozer/android/platform/android-ndk-r19c/toolchains/llvm/prebuilt/linux-x86_64/sysroot/usr/lib/aarch64-linux-android -L/home/maathess/.buildozer/android/platform/android-ndk-r19c/toolchains/llvm/prebuilt/linux-x86_64/lib/gcc/aarch64-linux-android/4.9.x/../../../../aarch64-linux-android/lib -L/home/maathess/.buildozer/android/platform/android-ndk-r19c/toolchains/llvm/prebuilt/linux-x86_64/sysroot/usr/lib --exclude-libs libgcc.a --exclude-libs libatomic.a --build-id --warn-shared-textrel --fatal-warnings --no-undefined -z noexecstack -z relro -z now --gc-sections CMakeFiles/cmTC_81669.dir/CMakeCCompilerABI.c.o -lgcc -ldl -lc -lgcc -ldl /home/maathess/.buildozer/android/platform/android-ndk-r19c/toolchains/llvm/prebuilt/linux-x86_64/sysroot/usr/lib/aarch64-linux-android/21/crtend_android.o
make[1]: Leaving directory '/home/maathess/Bureau/VOLTAMAP/src/main/app/.buildozer/android/platform/build-arm64-v8a_armeabi-v7a/build/other_builds/jpeg/arm64-v8a__ndk_target_21/jpeg/CMakeFiles/CMakeTmp'



Parsed C implicit include dir info from above output: rv=done
  found start of include info
  found start of implicit include info
    add: [/home/maathess/.buildozer/android/platform/android-ndk-r19c/toolchains/llvm/prebuilt/linux-x86_64/sysroot/usr/local/include]
    add: [/home/maathess/.buildozer/android/platform/android-ndk-r19c/toolchains/llvm/prebuilt/linux-x86_64/lib64/clang/8.0.2/include]
    add: [/home/maathess/.buildozer/android/platform/android-ndk-r19c/toolchains/llvm/prebuilt/linux-x86_64/sysroot/usr/include/aarch64-linux-android]
    add: [/home/maathess/.buildozer/android/platform/android-ndk-r19c/toolchains/llvm/prebuilt/linux-x86_64/sysroot/usr/include]
  end of search list found
  collapse include dir [/home/maathess/.buildozer/android/platform/android-ndk-r19c/toolchains/llvm/prebuilt/linux-x86_64/sysroot/usr/local/include] ==> [/home/maathess/.buildozer/android/platform/android-ndk-r19c/toolchains/llvm/prebuilt/linux-x86_64/sysroot/usr/local/include]
  collapse include dir [/home/maathess/.buildozer/android/platform/android-ndk-r19c/toolchains/llvm/prebuilt/linux-x86_64/lib64/clang/8.0.2/include] ==> [/home/maathess/.buildozer/android/platform/android-ndk-r19c/toolchains/llvm/prebuilt/linux-x86_64/lib64/clang/8.0.2/include]
  collapse include dir [/home/maathess/.buildozer/android/platform/android-ndk-r19c/toolchains/llvm/prebuilt/linux-x86_64/sysroot/usr/include/aarch64-linux-android] ==> [/home/maathess/.buildozer/android/platform/android-ndk-r19c/toolchains/llvm/prebuilt/linux-x86_64/sysroot/usr/include/aarch64-linux-android]
  collapse include dir [/home/maathess/.buildozer/android/platform/android-ndk-r19c/toolchains/llvm/prebuilt/linux-x86_64/sysroot/usr/include] ==> [/home/maathess/.buildozer/android/platform/android-ndk-r19c/toolchains/llvm/prebuilt/linux-x86_64/sysroot/usr/include]
  implicit include dirs: [/home/maathess/.buildozer/android/platform/android-ndk-r19c/toolchains/llvm/prebuilt/linux-x86_64/sysroot/usr/local/include;/home/maathess/.buildozer/android/platform/android-ndk-r19c/toolchains/llvm/prebuilt/linux-x86_64/lib64/clang/8.0.2/include;/home/maathess/.buildozer/android/platform/android-ndk-r19c/toolchains/llvm/prebuilt/linux-x86_64/sysroot/usr/include/aarch64-linux-android;/home/maathess/.buildozer/android/platform/android-ndk-r19c/toolchains/llvm/prebuilt/linux-x86_64/sysroot/usr/include]


Parsed C implicit link information from above output:
  link line regex: [^( *|.*[/\])(ld\.lld|CMAKE_LINK_STARTFILE-NOTFOUND|([^/\]+-)?ld|collect2)[^/\]*( |$)]
  ignore line: [Change Dir: /home/maathess/Bureau/VOLTAMAP/src/main/app/.buildozer/android/platform/build-arm64-v8a_armeabi-v7a/build/other_builds/jpeg/arm64-v8a__ndk_target_21/jpeg/CMakeFiles/CMakeTmp]
  ignore line: []
  ignore line: [Run Build Command(s):/usr/bin/gmake -f Makefile cmTC_81669/fast && make -j1  -f CMakeFiles/cmTC_81669.dir/build.make CMakeFiles/cmTC_81669.dir/build]
  ignore line: [make[1]: Entering directory '/home/maathess/Bureau/VOLTAMAP/src/main/app/.buildozer/android/platform/build-arm64-v8a_armeabi-v7a/build/other_builds/jpeg/arm64-v8a__ndk_target_21/jpeg/CMakeFiles/CMakeTmp']
  ignore line: [Building C object CMakeFiles/cmTC_81669.dir/CMakeCCompilerABI.c.o]
  ignore line: [/home/maathess/.buildozer/android/platform/android-ndk-r19c/toolchains/llvm/prebuilt/linux-x86_64/bin/clang --target=aarch64-none-linux-android21 --gcc-toolchain=/home/maathess/.buildozer/android/platform/android-ndk-r19c/toolchains/llvm/prebuilt/linux-x86_64 --sysroot=/home/maathess/.buildozer/android/platform/android-ndk-r19c/toolchains/llvm/prebuilt/linux-x86_64/sysroot   -g -DANDROID -fdata-sections -ffunction-sections -funwind-tables -fstack-protector-strong -no-canonical-prefixes -fno-addrsig -Wa --noexecstack -Wformat   -fPIE   -v -MD -MT CMakeFiles/cmTC_81669.dir/CMakeCCompilerABI.c.o -MF CMakeFiles/cmTC_81669.dir/CMakeCCompilerABI.c.o.d -o CMakeFiles/cmTC_81669.dir/CMakeCCompilerABI.c.o -c /usr/share/cmake-3.22/Modules/CMakeCCompilerABI.c]
  ignore line: [Android (5058415 based on r339409) clang version 8.0.2 (https://android.googlesource.com/toolchain/clang 40173bab62ec746213857d083c0e8b0abb568790) (https://android.googlesource.com/toolchain/llvm 7a6618d69e7e8111e1d49dc9e7813767c5ca756a) (based on LLVM 8.0.2svn)]
  ignore line: [Target: aarch64-none-linux-android21]
  ignore line: [Thread model: posix]
  ignore line: [InstalledDir: /home/maathess/.buildozer/android/platform/android-ndk-r19c/toolchains/llvm/prebuilt/linux-x86_64/bin]
  ignore line: [Found candidate GCC installation: /home/maathess/.buildozer/android/platform/android-ndk-r19c/toolchains/llvm/prebuilt/linux-x86_64/lib/gcc/aarch64-linux-android/4.9.x]
  ignore line: [Selected GCC installation: /home/maathess/.buildozer/android/platform/android-ndk-r19c/toolchains/llvm/prebuilt/linux-x86_64/lib/gcc/aarch64-linux-android/4.9.x]
  ignore line: [Candidate multilib: .]
  ignore line: [@m64]
  ignore line: [Selected multilib: .]
  ignore line: [@m64]
  ignore line: [ "/home/maathess/.buildozer/android/platform/android-ndk-r19c/toolchains/llvm/prebuilt/linux-x86_64/bin/clang" -cc1 -triple aarch64-none-linux-android21 -emit-obj -mrelax-all -mnoexecstack -disable-free -disable-llvm-verifier -discard-value-names -main-file-name CMakeCCompilerABI.c -mrelocation-model pic -pic-level 2 -pic-is-pie -mthread-model posix -mdisable-fp-elim -fmath-errno -masm-verbose -mconstructor-aliases -munwind-tables -fuse-init-array -target-cpu generic -target-feature +neon -target-abi aapcs -mllvm -aarch64-fix-cortex-a53-835769=1 -fallow-half-arguments-and-returns -dwarf-column-info -debug-info-kind=limited -dwarf-version=4 -debugger-tuning=gdb -v -ffunction-sections -fdata-sections -coverage-notes-file /home/maathess/Bureau/VOLTAMAP/src/main/app/.buildozer/android/platform/build-arm64-v8a_armeabi-v7a/build/other_builds/jpeg/arm64-v8a__ndk_target_21/jpeg/CMakeFiles/CMakeTmp/CMakeFiles/cmTC_81669.dir/CMakeCCompilerABI.c.gcno -resource-dir /home/maathess/.buildozer/android/platform/android-ndk-r19c/toolchains/llvm/prebuilt/linux-x86_64/lib64/clang/8.0.2 -dependency-file CMakeFiles/cmTC_81669.dir/CMakeCCompilerABI.c.o.d -sys-header-deps -MT CMakeFiles/cmTC_81669.dir/CMakeCCompilerABI.c.o -D ANDROID -isysroot /home/maathess/.buildozer/android/platform/android-ndk-r19c/toolchains/llvm/prebuilt/linux-x86_64/sysroot -internal-isystem /home/maathess/.buildozer/android/platform/android-ndk-r19c/toolchains/llvm/prebuilt/linux-x86_64/sysroot/usr/local/include -internal-isystem /home/maathess/.buildozer/android/platform/android-ndk-r19c/toolchains/llvm/prebuilt/linux-x86_64/lib64/clang/8.0.2/include -internal-externc-isystem /home/maathess/.buildozer/android/platform/android-ndk-r19c/toolchains/llvm/prebuilt/linux-x86_64/sysroot/usr/include/aarch64-linux-android -internal-externc-isystem /home/maathess/.buildozer/android/platform/android-ndk-r19c/toolchains/llvm/prebuilt/linux-x86_64/sysroot/include -internal-externc-isystem /home/maathess/.buildozer/android/platform/android-ndk-r19c/toolchains/llvm/prebuilt/linux-x86_64/sysroot/usr/include -Wformat -fdebug-compilation-dir /home/maathess/Bureau/VOLTAMAP/src/main/app/.buildozer/android/platform/build-arm64-v8a_armeabi-v7a/build/other_builds/jpeg/arm64-v8a__ndk_target_21/jpeg/CMakeFiles/CMakeTmp -ferror-limit 19 -fmessage-length 0 -stack-protector 2 -fno-signed-char -fobjc-runtime=gcc -fdiagnostics-show-option -o CMakeFiles/cmTC_81669.dir/CMakeCCompilerABI.c.o -x c /usr/share/cmake-3.22/Modules/CMakeCCompilerABI.c]
  ignore line: [clang -cc1 version 8.0.2 based upon LLVM 8.0.2svn default target x86_64-unknown-linux-gnu]
  ignore line: [ignoring nonexistent directory "/home/maathess/.buildozer/android/platform/android-ndk-r19c/toolchains/llvm/prebuilt/linux-x86_64/sysroot/include"]
  ignore line: [#include "..." search starts here:]
  ignore line: [#include <...> search starts here:]
  ignore line: [ /home/maathess/.buildozer/android/platform/android-ndk-r19c/toolchains/llvm/prebuilt/linux-x86_64/sysroot/usr/local/include]
  ignore line: [ /home/maathess/.buildozer/android/platform/android-ndk-r19c/toolchains/llvm/prebuilt/linux-x86_64/lib64/clang/8.0.2/include]
  ignore line: [ /home/maathess/.buildozer/android/platform/android-ndk-r19c/toolchains/llvm/prebuilt/linux-x86_64/sysroot/usr/include/aarch64-linux-android]
  ignore line: [ /home/maathess/.buildozer/android/platform/android-ndk-r19c/toolchains/llvm/prebuilt/linux-x86_64/sysroot/usr/include]
  ignore line: [End of search list.]
  ignore line: [Linking C executable cmTC_81669]
  ignore line: [/usr/bin/cmake -E cmake_link_script CMakeFiles/cmTC_81669.dir/link.txt --verbose=1]
  ignore line: [/home/maathess/.buildozer/android/platform/android-ndk-r19c/toolchains/llvm/prebuilt/linux-x86_64/bin/clang --target=aarch64-none-linux-android21 --gcc-toolchain=/home/maathess/.buildozer/android/platform/android-ndk-r19c/toolchains/llvm/prebuilt/linux-x86_64 --sysroot=/home/maathess/.buildozer/android/platform/android-ndk-r19c/toolchains/llvm/prebuilt/linux-x86_64/sysroot -g -DANDROID -fdata-sections -ffunction-sections -funwind-tables -fstack-protector-strong -no-canonical-prefixes -fno-addrsig -Wa --noexecstack -Wformat   -Wl --exclude-libs libgcc.a -Wl --exclude-libs libatomic.a -static-libstdc++ -Wl --build-id -Wl --warn-shared-textrel -Wl --fatal-warnings -Wl --no-undefined -Qunused-arguments -Wl -z noexecstack -Wl -z relro -Wl -z now -Wl --gc-sections  -v CMakeFiles/cmTC_81669.dir/CMakeCCompilerABI.c.o -o cmTC_81669 ]
  ignore line: [Android (5058415 based on r339409) clang version 8.0.2 (https://android.googlesource.com/toolchain/clang 40173bab62ec746213857d083c0e8b0abb568790) (https://android.googlesource.com/toolchain/llvm 7a6618d69e7e8111e1d49dc9e7813767c5ca756a) (based on LLVM 8.0.2svn)]
  ignore line: [Target: aarch64-none-linux-android21]
  ignore line: [Thread model: posix]
  ignore line: [InstalledDir: /home/maathess/.buildozer/android/platform/android-ndk-r19c/toolchains/llvm/prebuilt/linux-x86_64/bin]
  ignore line: [Found candidate GCC installation: /home/maathess/.buildozer/android/platform/android-ndk-r19c/toolchains/llvm/prebuilt/linux-x86_64/lib/gcc/aarch64-linux-android/4.9.x]
  ignore line: [Selected GCC installation: /home/maathess/.buildozer/android/platform/android-ndk-r19c/toolchains/llvm/prebuilt/linux-x86_64/lib/gcc/aarch64-linux-android/4.9.x]
  ignore line: [Candidate multilib: .]
  ignore line: [@m64]
  ignore line: [Selected multilib: .]
  ignore line: [@m64]
  link line: [ "/home/maathess/.buildozer/android/platform/android-ndk-r19c/toolchains/llvm/prebuilt/linux-x86_64/lib/gcc/aarch64-linux-android/4.9.x/../../../../aarch64-linux-android/bin/ld" --sysroot=/home/maathess/.buildozer/android/platform/android-ndk-r19c/toolchains/llvm/prebuilt/linux-x86_64/sysroot -pie --fix-cortex-a53-843419 --enable-new-dtags --eh-frame-hdr -m aarch64linux -dynamic-linker /system/bin/linker64 -o cmTC_81669 /home/maathess/.buildozer/android/platform/android-ndk-r19c/toolchains/llvm/prebuilt/linux-x86_64/sysroot/usr/lib/aarch64-linux-android/21/crtbegin_dynamic.o -L/home/maathess/.buildozer/android/platform/android-ndk-r19c/toolchains/llvm/prebuilt/linux-x86_64/lib64/clang/8.0.2/lib/linux/aarch64 -L/home/maathess/.buildozer/android/platform/android-ndk-r19c/toolchains/llvm/prebuilt/linux-x86_64/lib/gcc/aarch64-linux-android/4.9.x -L/home/maathess/.buildozer/android/platform/android-ndk-r19c/toolchains/llvm/prebuilt/linux-x86_64/lib/gcc/aarch64-linux-android/4.9.x/../../../../aarch64-linux-android/lib/../lib64 -L/home/maathess/.buildozer/android/platform/android-ndk-r19c/toolchains/llvm/prebuilt/linux-x86_64/sysroot/usr/lib/aarch64-linux-android/21 -L/home/maathess/.buildozer/android/platform/android-ndk-r19c/toolchains/llvm/prebuilt/linux-x86_64/sysroot/usr/lib/aarch64-linux-android -L/home/maathess/.buildozer/android/platform/android-ndk-r19c/toolchains/llvm/prebuilt/linux-x86_64/lib/gcc/aarch64-linux-android/4.9.x/../../../../aarch64-linux-android/lib -L/home/maathess/.buildozer/android/platform/android-ndk-r19c/toolchains/llvm/prebuilt/linux-x86_64/sysroot/usr/lib --exclude-libs libgcc.a --exclude-libs libatomic.a --build-id --warn-shared-textrel --fatal-warnings --no-undefined -z noexecstack -z relro -z now --gc-sections CMakeFiles/cmTC_81669.dir/CMakeCCompilerABI.c.o -lgcc -ldl -lc -lgcc -ldl /home/maathess/.buildozer/android/platform/android-ndk-r19c/toolchains/llvm/prebuilt/linux-x86_64/sysroot/usr/lib/aarch64-linux-android/21/crtend_android.o]
    arg [/home/maathess/.buildozer/android/platform/android-ndk-r19c/toolchains/llvm/prebuilt/linux-x86_64/lib/gcc/aarch64-linux-android/4.9.x/../../../../aarch64-linux-android/bin/ld] ==> ignore
    arg [--sysroot=/home/maathess/.buildozer/android/platform/android-ndk-r19c/toolchains/llvm/prebuilt/linux-x86_64/sysroot] ==> ignore
    arg [-pie] ==> ignore
    arg [--fix-cortex-a53-843419] ==> ignore
    arg [--enable-new-dtags] ==> ignore
    arg [--eh-frame-hdr] ==> ignore
    arg [-m] ==> ignore
    arg [aarch64linux] ==> ignore
    arg [-dynamic-linker] ==> ignore
    arg [/system/bin/linker64] ==> ignore
    arg [-o] ==> ignore
    arg [cmTC_81669] ==> ignore
    arg [/home/maathess/.buildozer/android/platform/android-ndk-r19c/toolchains/llvm/prebuilt/linux-x86_64/sysroot/usr/lib/aarch64-linux-android/21/crtbegin_dynamic.o] ==> obj [/home/maathess/.buildozer/android/platform/android-ndk-r19c/toolchains/llvm/prebuilt/linux-x86_64/sysroot/usr/lib/aarch64-linux-android/21/crtbegin_dynamic.o]
    arg [-L/home/maathess/.buildozer/android/platform/android-ndk-r19c/toolchains/llvm/prebuilt/linux-x86_64/lib64/clang/8.0.2/lib/linux/aarch64] ==> dir [/home/maathess/.buildozer/android/platform/android-ndk-r19c/toolchains/llvm/prebuilt/linux-x86_64/lib64/clang/8.0.2/lib/linux/aarch64]
    arg [-L/home/maathess/.buildozer/android/platform/android-ndk-r19c/toolchains/llvm/prebuilt/linux-x86_64/lib/gcc/aarch64-linux-android/4.9.x] ==> dir [/home/maathess/.buildozer/android/platform/android-ndk-r19c/toolchains/llvm/prebuilt/linux-x86_64/lib/gcc/aarch64-linux-android/4.9.x]
    arg [-L/home/maathess/.buildozer/android/platform/android-ndk-r19c/toolchains/llvm/prebuilt/linux-x86_64/lib/gcc/aarch64-linux-android/4.9.x/../../../../aarch64-linux-android/lib/../lib64] ==> dir [/home/maathess/.buildozer/android/platform/android-ndk-r19c/toolchains/llvm/prebuilt/linux-x86_64/lib/gcc/aarch64-linux-android/4.9.x/../../../../aarch64-linux-android/lib/../lib64]
    arg [-L/home/maathess/.buildozer/android/platform/android-ndk-r19c/toolchains/llvm/prebuilt/linux-x86_64/sysroot/usr/lib/aarch64-linux-android/21] ==> dir [/home/maathess/.buildozer/android/platform/android-ndk-r19c/toolchains/llvm/prebuilt/linux-x86_64/sysroot/usr/lib/aarch64-linux-android/21]
    arg [-L/home/maathess/.buildozer/android/platform/android-ndk-r19c/toolchains/llvm/prebuilt/linux-x86_64/sysroot/usr/lib/aarch64-linux-android] ==> dir [/home/maathess/.buildozer/android/platform/android-ndk-r19c/toolchains/llvm/prebuilt/linux-x86_64/sysroot/usr/lib/aarch64-linux-android]
    arg [-L/home/maathess/.buildozer/android/platform/android-ndk-r19c/toolchains/llvm/prebuilt/linux-x86_64/lib/gcc/aarch64-linux-android/4.9.x/../../../../aarch64-linux-android/lib] ==> dir [/home/maathess/.buildozer/android/platform/android-ndk-r19c/toolchains/llvm/prebuilt/linux-x86_64/lib/gcc/aarch64-linux-android/4.9.x/../../../../aarch64-linux-android/lib]
    arg [-L/home/maathess/.buildozer/android/platform/android-ndk-r19c/toolchains/llvm/prebuilt/linux-x86_64/sysroot/usr/lib] ==> dir [/home/maathess/.buildozer/android/platform/android-ndk-r19c/toolchains/llvm/prebuilt/linux-x86_64/sysroot/usr/lib]
    arg [--exclude-libs] ==> ignore
    arg [libgcc.a] ==> ignore
    arg [--exclude-libs] ==> ignore
    arg [libatomic.a] ==> ignore
    arg [--build-id] ==> ignore
    arg [--warn-shared-textrel] ==> ignore
    arg [--fatal-warnings] ==> ignore
    arg [--no-undefined] ==> ignore
    arg [-znoexecstack] ==> ignore
    arg [-zrelro] ==> ignore
    arg [-znow] ==> ignore
    arg [--gc-sections] ==> ignore
    arg [CMakeFiles/cmTC_81669.dir/CMakeCCompilerABI.c.o] ==> ignore
    arg [-lgcc] ==> lib [gcc]
    arg [-ldl] ==> lib [dl]
    arg [-lc] ==> lib [c]
    arg [-lgcc] ==> lib [gcc]
    arg [-ldl] ==> lib [dl]
    arg [/home/maathess/.buildozer/android/platform/android-ndk-r19c/toolchains/llvm/prebuilt/linux-x86_64/sysroot/usr/lib/aarch64-linux-android/21/crtend_android.o] ==> obj [/home/maathess/.buildozer/android/platform/android-ndk-r19c/toolchains/llvm/prebuilt/linux-x86_64/sysroot/usr/lib/aarch64-linux-android/21/crtend_android.o]
  collapse library dir [/home/maathess/.buildozer/android/platform/android-ndk-r19c/toolchains/llvm/prebuilt/linux-x86_64/lib64/clang/8.0.2/lib/linux/aarch64] ==> [/home/maathess/.buildozer/android/platform/android-ndk-r19c/toolchains/llvm/prebuilt/linux-x86_64/lib64/clang/8.0.2/lib/linux/aarch64]
  collapse library dir [/home/maathess/.buildozer/android/platform/android-ndk-r19c/toolchains/llvm/prebuilt/linux-x86_64/lib/gcc/aarch64-linux-android/4.9.x] ==> [/home/maathess/.buildozer/android/platform/android-ndk-r19c/toolchains/llvm/prebuilt/linux-x86_64/lib/gcc/aarch64-linux-android/4.9.x]
  collapse library dir [/home/maathess/.buildozer/android/platform/android-ndk-r19c/toolchains/llvm/prebuilt/linux-x86_64/lib/gcc/aarch64-linux-android/4.9.x/../../../../aarch64-linux-android/lib/../lib64] ==> [/home/maathess/.buildozer/android/platform/android-ndk-r19c/toolchains/llvm/prebuilt/linux-x86_64/aarch64-linux-android/lib64]
  collapse library dir [/home/maathess/.buildozer/android/platform/android-ndk-r19c/toolchains/llvm/prebuilt/linux-x86_64/sysroot/usr/lib/aarch64-linux-android/21] ==> [/home/maathess/.buildozer/android/platform/android-ndk-r19c/toolchains/llvm/prebuilt/linux-x86_64/sysroot/usr/lib/aarch64-linux-android/21]
  collapse library dir [/home/maathess/.buildozer/android/platform/android-ndk-r19c/toolchains/llvm/prebuilt/linux-x86_64/sysroot/usr/lib/aarch64-linux-android] ==> [/home/maathess/.buildozer/android/platform/android-ndk-r19c/toolchains/llvm/prebuilt/linux-x86_64/sysroot/usr/lib/aarch64-linux-android]
  collapse library dir [/home/maathess/.buildozer/android/platform/android-ndk-r19c/toolchains/llvm/prebuilt/linux-x86_64/lib/gcc/aarch64-linux-android/4.9.x/../../../../aarch64-linux-android/lib] ==> [/home/maathess/.buildozer/android/platform/android-ndk-r19c/toolchains/llvm/prebuilt/linux-x86_64/aarch64-linux-android/lib]
  collapse library dir [/home/maathess/.buildozer/android/platform/android-ndk-r19c/toolchains/llvm/prebuilt/linux-x86_64/sysroot/usr/lib] ==> [/home/maathess/.buildozer/android/platform/android-ndk-r19c/toolchains/llvm/prebuilt/linux-x86_64/sysroot/usr/lib]
  implicit libs: [gcc;dl;c;gcc;dl]
  implicit objs: [/home/maathess/.buildozer/android/platform/android-ndk-r19c/toolchains/llvm/prebuilt/linux-x86_64/sysroot/usr/lib/aarch64-linux-android/21/crtbegin_dynamic.o;/home/maathess/.buildozer/android/platform/android-ndk-r19c/toolchains/llvm/prebuilt/linux-x86_64/sysroot/usr/lib/aarch64-linux-android/21/crtend_android.o]
  implicit dirs: [/home/maathess/.buildozer/android/platform/android-ndk-r19c/toolchains/llvm/prebuilt/linux-x86_64/lib64/clang/8.0.2/lib/linux/aarch64;/home/maathess/.buildozer/android/platform/android-ndk-r19c/toolchains/llvm/prebuilt/linux-x86_64/lib/gcc/aarch64-linux-android/4.9.x;/home/maathess/.buildozer/android/platform/android-ndk-r19c/toolchains/llvm/prebuilt/linux-x86_64/aarch64-linux-android/lib64;/home/maathess/.buildozer/android/platform/android-ndk-r19c/toolchains/llvm/prebuilt/linux-x86_64/sysroot/usr/lib/aarch64-linux-android/21;/home/maathess/.buildozer/android/platform/android-ndk-r19c/toolchains/llvm/prebuilt/linux-x86_64/sysroot/usr/lib/aarch64-linux-android;/home/maathess/.buildozer/android/platform/android-ndk-r19c/toolchains/llvm/prebuilt/linux-x86_64/aarch64-linux-android/lib;/home/maathess/.buildozer/android/platform/android-ndk-r19c/toolchains/llvm/prebuilt/linux-x86_64/sysroot/usr/lib]
  implicit fwks: []


Determining if the include file sys/types.h exists passed with the following output:
Change Dir: /home/maathess/Bureau/VOLTAMAP/src/main/app/.buildozer/android/platform/build-arm64-v8a_armeabi-v7a/build/other_builds/jpeg/arm64-v8a__ndk_target_21/jpeg/CMakeFiles/CMakeTmp

Run Build Command(s):/usr/bin/gmake -f Makefile cmTC_c9de4/fast && make -j1  -f CMakeFiles/cmTC_c9de4.dir/build.make CMakeFiles/cmTC_c9de4.dir/build
make[1]: Entering directory '/home/maathess/Bureau/VOLTAMAP/src/main/app/.buildozer/android/platform/build-arm64-v8a_armeabi-v7a/build/other_builds/jpeg/arm64-v8a__ndk_target_21/jpeg/CMakeFiles/CMakeTmp'
Building C object CMakeFiles/cmTC_c9de4.dir/CheckIncludeFile.c.o
/home/maathess/.buildozer/android/platform/android-ndk-r19c/toolchains/llvm/prebuilt/linux-x86_64/bin/clang --target=aarch64-none-linux-android21 --gcc-toolchain=/home/maathess/.buildozer/android/platform/android-ndk-r19c/toolchains/llvm/prebuilt/linux-x86_64 --sysroot=/home/maathess/.buildozer/android/platform/android-ndk-r19c/toolchains/llvm/prebuilt/linux-x86_64/sysroot   -g -DANDROID -fdata-sections -ffunction-sections -funwind-tables -fstack-protector-strong -no-canonical-prefixes -fno-addrsig -Wa,--noexecstack -Wformat -Werror=format-security   -fPIE -MD -MT CMakeFiles/cmTC_c9de4.dir/CheckIncludeFile.c.o -MF CMakeFiles/cmTC_c9de4.dir/CheckIncludeFile.c.o.d -o CMakeFiles/cmTC_c9de4.dir/CheckIncludeFile.c.o -c /home/maathess/Bureau/VOLTAMAP/src/main/app/.buildozer/android/platform/build-arm64-v8a_armeabi-v7a/build/other_builds/jpeg/arm64-v8a__ndk_target_21/jpeg/CMakeFiles/CMakeTmp/CheckIncludeFile.c
Linking C executable cmTC_c9de4
/usr/bin/cmake -E cmake_link_script CMakeFiles/cmTC_c9de4.dir/link.txt --verbose=1
/home/maathess/.buildozer/android/platform/android-ndk-r19c/toolchains/llvm/prebuilt/linux-x86_64/bin/clang --target=aarch64-none-linux-android21 --gcc-toolchain=/home/maathess/.buildozer/android/platform/android-ndk-r19c/toolchains/llvm/prebuilt/linux-x86_64 --sysroot=/home/maathess/.buildozer/android/platform/android-ndk-r19c/toolchains/llvm/prebuilt/linux-x86_64/sysroot -g -DANDROID -fdata-sections -ffunction-sections -funwind-tables -fstack-protector-strong -no-canonical-prefixes -fno-addrsig -Wa,--noexecstack -Wformat -Werror=format-security   -Wl,--exclude-libs,libgcc.a -Wl,--exclude-libs,libatomic.a -static-libstdc++ -Wl,--build-id -Wl,--warn-shared-textrel -Wl,--fatal-warnings -Wl,--no-undefined -Qunused-arguments -Wl,-z,noexecstack -Wl,-z,relro -Wl,-z,now -Wl,--gc-sections   CMakeFiles/cmTC_c9de4.dir/CheckIncludeFile.c.o -o cmTC_c9de4  -latomic -lm 
make[1]: Leaving directory '/home/maathess/Bureau/VOLTAMAP/src/main/app/.buildozer/android/platform/build-arm64-v8a_armeabi-v7a/build/other_builds/jpeg/arm64-v8a__ndk_target_21/jpeg/CMakeFiles/CMakeTmp'



Determining if the include file stdint.h exists passed with the following output:
Change Dir: /home/maathess/Bureau/VOLTAMAP/src/main/app/.buildozer/android/platform/build-arm64-v8a_armeabi-v7a/build/other_builds/jpeg/arm64-v8a__ndk_target_21/jpeg/CMakeFiles/CMakeTmp

Run Build Command(s):/usr/bin/gmake -f Makefile cmTC_7859a/fast && make -j1  -f CMakeFiles/cmTC_7859a.dir/build.make CMakeFiles/cmTC_7859a.dir/build
make[1]: Entering directory '/home/maathess/Bureau/VOLTAMAP/src/main/app/.buildozer/android/platform/build-arm64-v8a_armeabi-v7a/build/other_builds/jpeg/arm64-v8a__ndk_target_21/jpeg/CMakeFiles/CMakeTmp'
Building C object CMakeFiles/cmTC_7859a.dir/CheckIncludeFile.c.o
/home/maathess/.buildozer/android/platform/android-ndk-r19c/toolchains/llvm/prebuilt/linux-x86_64/bin/clang --target=aarch64-none-linux-android21 --gcc-toolchain=/home/maathess/.buildozer/android/platform/android-ndk-r19c/toolchains/llvm/prebuilt/linux-x86_64 --sysroot=/home/maathess/.buildozer/android/platform/android-ndk-r19c/toolchains/llvm/prebuilt/linux-x86_64/sysroot   -g -DANDROID -fdata-sections -ffunction-sections -funwind-tables -fstack-protector-strong -no-canonical-prefixes -fno-addrsig -Wa,--noexecstack -Wformat -Werror=format-security   -fPIE -MD -MT CMakeFiles/cmTC_7859a.dir/CheckIncludeFile.c.o -MF CMakeFiles/cmTC_7859a.dir/CheckIncludeFile.c.o.d -o CMakeFiles/cmTC_7859a.dir/CheckIncludeFile.c.o -c /home/maathess/Bureau/VOLTAMAP/src/main/app/.buildozer/android/platform/build-arm64-v8a_armeabi-v7a/build/other_builds/jpeg/arm64-v8a__ndk_target_21/jpeg/CMakeFiles/CMakeTmp/CheckIncludeFile.c
Linking C executable cmTC_7859a
/usr/bin/cmake -E cmake_link_script CMakeFiles/cmTC_7859a.dir/link.txt --verbose=1
/home/maathess/.buildozer/android/platform/android-ndk-r19c/toolchains/llvm/prebuilt/linux-x86_64/bin/clang --target=aarch64-none-linux-android21 --gcc-toolchain=/home/maathess/.buildozer/android/platform/android-ndk-r19c/toolchains/llvm/prebuilt/linux-x86_64 --sysroot=/home/maathess/.buildozer/android/platform/android-ndk-r19c/toolchains/llvm/prebuilt/linux-x86_64/sysroot -g -DANDROID -fdata-sections -ffunction-sections -funwind-tables -fstack-protector-strong -no-canonical-prefixes -fno-addrsig -Wa,--noexecstack -Wformat -Werror=format-security   -Wl,--exclude-libs,libgcc.a -Wl,--exclude-libs,libatomic.a -static-libstdc++ -Wl,--build-id -Wl,--warn-shared-textrel -Wl,--fatal-warnings -Wl,--no-undefined -Qunused-arguments -Wl,-z,noexecstack -Wl,-z,relro -Wl,-z,now -Wl,--gc-sections   CMakeFiles/cmTC_7859a.dir/CheckIncludeFile.c.o -o cmTC_7859a  -latomic -lm 
make[1]: Leaving directory '/home/maathess/Bureau/VOLTAMAP/src/main/app/.buildozer/android/platform/build-arm64-v8a_armeabi-v7a/build/other_builds/jpeg/arm64-v8a__ndk_target_21/jpeg/CMakeFiles/CMakeTmp'



Determining if the include file stddef.h exists passed with the following output:
Change Dir: /home/maathess/Bureau/VOLTAMAP/src/main/app/.buildozer/android/platform/build-arm64-v8a_armeabi-v7a/build/other_builds/jpeg/arm64-v8a__ndk_target_21/jpeg/CMakeFiles/CMakeTmp

Run Build Command(s):/usr/bin/gmake -f Makefile cmTC_6694d/fast && make -j1  -f CMakeFiles/cmTC_6694d.dir/build.make CMakeFiles/cmTC_6694d.dir/build
make[1]: Entering directory '/home/maathess/Bureau/VOLTAMAP/src/main/app/.buildozer/android/platform/build-arm64-v8a_armeabi-v7a/build/other_builds/jpeg/arm64-v8a__ndk_target_21/jpeg/CMakeFiles/CMakeTmp'
Building C object CMakeFiles/cmTC_6694d.dir/CheckIncludeFile.c.o
/home/maathess/.buildozer/android/platform/android-ndk-r19c/toolchains/llvm/prebuilt/linux-x86_64/bin/clang --target=aarch64-none-linux-android21 --gcc-toolchain=/home/maathess/.buildozer/android/platform/android-ndk-r19c/toolchains/llvm/prebuilt/linux-x86_64 --sysroot=/home/maathess/.buildozer/android/platform/android-ndk-r19c/toolchains/llvm/prebuilt/linux-x86_64/sysroot   -g -DANDROID -fdata-sections -ffunction-sections -funwind-tables -fstack-protector-strong -no-canonical-prefixes -fno-addrsig -Wa,--noexecstack -Wformat -Werror=format-security   -fPIE -MD -MT CMakeFiles/cmTC_6694d.dir/CheckIncludeFile.c.o -MF CMakeFiles/cmTC_6694d.dir/CheckIncludeFile.c.o.d -o CMakeFiles/cmTC_6694d.dir/CheckIncludeFile.c.o -c /home/maathess/Bureau/VOLTAMAP/src/main/app/.buildozer/android/platform/build-arm64-v8a_armeabi-v7a/build/other_builds/jpeg/arm64-v8a__ndk_target_21/jpeg/CMakeFiles/CMakeTmp/CheckIncludeFile.c
Linking C executable cmTC_6694d
/usr/bin/cmake -E cmake_link_script CMakeFiles/cmTC_6694d.dir/link.txt --verbose=1
/home/maathess/.buildozer/android/platform/android-ndk-r19c/toolchains/llvm/prebuilt/linux-x86_64/bin/clang --target=aarch64-none-linux-android21 --gcc-toolchain=/home/maathess/.buildozer/android/platform/android-ndk-r19c/toolchains/llvm/prebuilt/linux-x86_64 --sysroot=/home/maathess/.buildozer/android/platform/android-ndk-r19c/toolchains/llvm/prebuilt/linux-x86_64/sysroot -g -DANDROID -fdata-sections -ffunction-sections -funwind-tables -fstack-protector-strong -no-canonical-prefixes -fno-addrsig -Wa,--noexecstack -Wformat -Werror=format-security   -Wl,--exclude-libs,libgcc.a -Wl,--exclude-libs,libatomic.a -static-libstdc++ -Wl,--build-id -Wl,--warn-shared-textrel -Wl,--fatal-warnings -Wl,--no-undefined -Qunused-arguments -Wl,-z,noexecstack -Wl,-z,relro -Wl,-z,now -Wl,--gc-sections   CMakeFiles/cmTC_6694d.dir/CheckIncludeFile.c.o -o cmTC_6694d  -latomic -lm 
make[1]: Leaving directory '/home/maathess/Bureau/VOLTAMAP/src/main/app/.buildozer/android/platform/build-arm64-v8a_armeabi-v7a/build/other_builds/jpeg/arm64-v8a__ndk_target_21/jpeg/CMakeFiles/CMakeTmp'



Determining size of size_t passed with the following output:
Change Dir: /home/maathess/Bureau/VOLTAMAP/src/main/app/.buildozer/android/platform/build-arm64-v8a_armeabi-v7a/build/other_builds/jpeg/arm64-v8a__ndk_target_21/jpeg/CMakeFiles/CMakeTmp

Run Build Command(s):/usr/bin/gmake -f Makefile cmTC_f749e/fast && make -j1  -f CMakeFiles/cmTC_f749e.dir/build.make CMakeFiles/cmTC_f749e.dir/build
make[1]: Entering directory '/home/maathess/Bureau/VOLTAMAP/src/main/app/.buildozer/android/platform/build-arm64-v8a_armeabi-v7a/build/other_builds/jpeg/arm64-v8a__ndk_target_21/jpeg/CMakeFiles/CMakeTmp'
Building C object CMakeFiles/cmTC_f749e.dir/SIZE_T.c.o
/home/maathess/.buildozer/android/platform/android-ndk-r19c/toolchains/llvm/prebuilt/linux-x86_64/bin/clang --target=aarch64-none-linux-android21 --gcc-toolchain=/home/maathess/.buildozer/android/platform/android-ndk-r19c/toolchains/llvm/prebuilt/linux-x86_64 --sysroot=/home/maathess/.buildozer/android/platform/android-ndk-r19c/toolchains/llvm/prebuilt/linux-x86_64/sysroot   -g -DANDROID -fdata-sections -ffunction-sections -funwind-tables -fstack-protector-strong -no-canonical-prefixes -fno-addrsig -Wa,--noexecstack -Wformat -Werror=format-security   -fPIE -MD -MT CMakeFiles/cmTC_f749e.dir/SIZE_T.c.o -MF CMakeFiles/cmTC_f749e.dir/SIZE_T.c.o.d -o CMakeFiles/cmTC_f749e.dir/SIZE_T.c.o -c /home/maathess/Bureau/VOLTAMAP/src/main/app/.buildozer/android/platform/build-arm64-v8a_armeabi-v7a/build/other_builds/jpeg/arm64-v8a__ndk_target_21/jpeg/CMakeFiles/CheckTypeSize/SIZE_T.c
Linking C executable cmTC_f749e
/usr/bin/cmake -E cmake_link_script CMakeFiles/cmTC_f749e.dir/link.txt --verbose=1
/home/maathess/.buildozer/android/platform/android-ndk-r19c/toolchains/llvm/prebuilt/linux-x86_64/bin/clang --target=aarch64-none-linux-android21 --gcc-toolchain=/home/maathess/.buildozer/android/platform/android-ndk-r19c/toolchains/llvm/prebuilt/linux-x86_64 --sysroot=/home/maathess/.buildozer/android/platform/android-ndk-r19c/toolchains/llvm/prebuilt/linux-x86_64/sysroot -g -DANDROID -fdata-sections -ffunction-sections -funwind-tables -fstack-protector-strong -no-canonical-prefixes -fno-addrsig -Wa,--noexecstack -Wformat -Werror=format-security   -Wl,--exclude-libs,libgcc.a -Wl,--exclude-libs,libatomic.a -static-libstdc++ -Wl,--build-id -Wl,--warn-shared-textrel -Wl,--fatal-warnings -Wl,--no-undefined -Qunused-arguments -Wl,-z,noexecstack -Wl,-z,relro -Wl,-z,now -Wl,--gc-sections   CMakeFiles/cmTC_f749e.dir/SIZE_T.c.o -o cmTC_f749e  -latomic -lm 
make[1]: Leaving directory '/home/maathess/Bureau/VOLTAMAP/src/main/app/.buildozer/android/platform/build-arm64-v8a_armeabi-v7a/build/other_builds/jpeg/arm64-v8a__ndk_target_21/jpeg/CMakeFiles/CMakeTmp'



Determining size of unsigned long passed with the following output:
Change Dir: /home/maathess/Bureau/VOLTAMAP/src/main/app/.buildozer/android/platform/build-arm64-v8a_armeabi-v7a/build/other_builds/jpeg/arm64-v8a__ndk_target_21/jpeg/CMakeFiles/CMakeTmp

Run Build Command(s):/usr/bin/gmake -f Makefile cmTC_0022b/fast && make -j1  -f CMakeFiles/cmTC_0022b.dir/build.make CMakeFiles/cmTC_0022b.dir/build
make[1]: Entering directory '/home/maathess/Bureau/VOLTAMAP/src/main/app/.buildozer/android/platform/build-arm64-v8a_armeabi-v7a/build/other_builds/jpeg/arm64-v8a__ndk_target_21/jpeg/CMakeFiles/CMakeTmp'
Building C object CMakeFiles/cmTC_0022b.dir/UNSIGNED_LONG.c.o
/home/maathess/.buildozer/android/platform/android-ndk-r19c/toolchains/llvm/prebuilt/linux-x86_64/bin/clang --target=aarch64-none-linux-android21 --gcc-toolchain=/home/maathess/.buildozer/android/platform/android-ndk-r19c/toolchains/llvm/prebuilt/linux-x86_64 --sysroot=/home/maathess/.buildozer/android/platform/android-ndk-r19c/toolchains/llvm/prebuilt/linux-x86_64/sysroot   -g -DANDROID -fdata-sections -ffunction-sections -funwind-tables -fstack-protector-strong -no-canonical-prefixes -fno-addrsig -Wa,--noexecstack -Wformat -Werror=format-security   -fPIE -MD -MT CMakeFiles/cmTC_0022b.dir/UNSIGNED_LONG.c.o -MF CMakeFiles/cmTC_0022b.dir/UNSIGNED_LONG.c.o.d -o CMakeFiles/cmTC_0022b.dir/UNSIGNED_LONG.c.o -c /home/maathess/Bureau/VOLTAMAP/src/main/app/.buildozer/android/platform/build-arm64-v8a_armeabi-v7a/build/other_builds/jpeg/arm64-v8a__ndk_target_21/jpeg/CMakeFiles/CheckTypeSize/UNSIGNED_LONG.c
Linking C executable cmTC_0022b
/usr/bin/cmake -E cmake_link_script CMakeFiles/cmTC_0022b.dir/link.txt --verbose=1
/home/maathess/.buildozer/android/platform/android-ndk-r19c/toolchains/llvm/prebuilt/linux-x86_64/bin/clang --target=aarch64-none-linux-android21 --gcc-toolchain=/home/maathess/.buildozer/android/platform/android-ndk-r19c/toolchains/llvm/prebuilt/linux-x86_64 --sysroot=/home/maathess/.buildozer/android/platform/android-ndk-r19c/toolchains/llvm/prebuilt/linux-x86_64/sysroot -g -DANDROID -fdata-sections -ffunction-sections -funwind-tables -fstack-protector-strong -no-canonical-prefixes -fno-addrsig -Wa,--noexecstack -Wformat -Werror=format-security   -Wl,--exclude-libs,libgcc.a -Wl,--exclude-libs,libatomic.a -static-libstdc++ -Wl,--build-id -Wl,--warn-shared-textrel -Wl,--fatal-warnings -Wl,--no-undefined -Qunused-arguments -Wl,-z,noexecstack -Wl,-z,relro -Wl,-z,now -Wl,--gc-sections   CMakeFiles/cmTC_0022b.dir/UNSIGNED_LONG.c.o -o cmTC_0022b  -latomic -lm 
make[1]: Leaving directory '/home/maathess/Bureau/VOLTAMAP/src/main/app/.buildozer/android/platform/build-arm64-v8a_armeabi-v7a/build/other_builds/jpeg/arm64-v8a__ndk_target_21/jpeg/CMakeFiles/CMakeTmp'



Performing C SOURCE FILE Test HAVE_BUILTIN_CTZL succeeded with the following output:
Change Dir: /home/maathess/Bureau/VOLTAMAP/src/main/app/.buildozer/android/platform/build-arm64-v8a_armeabi-v7a/build/other_builds/jpeg/arm64-v8a__ndk_target_21/jpeg/CMakeFiles/CMakeTmp

Run Build Command(s):/usr/bin/gmake -f Makefile cmTC_8ec67/fast && make -j1  -f CMakeFiles/cmTC_8ec67.dir/build.make CMakeFiles/cmTC_8ec67.dir/build
make[1]: Entering directory '/home/maathess/Bureau/VOLTAMAP/src/main/app/.buildozer/android/platform/build-arm64-v8a_armeabi-v7a/build/other_builds/jpeg/arm64-v8a__ndk_target_21/jpeg/CMakeFiles/CMakeTmp'
Building C object CMakeFiles/cmTC_8ec67.dir/src.c.o
/home/maathess/.buildozer/android/platform/android-ndk-r19c/toolchains/llvm/prebuilt/linux-x86_64/bin/clang --target=aarch64-none-linux-android21 --gcc-toolchain=/home/maathess/.buildozer/android/platform/android-ndk-r19c/toolchains/llvm/prebuilt/linux-x86_64 --sysroot=/home/maathess/.buildozer/android/platform/android-ndk-r19c/toolchains/llvm/prebuilt/linux-x86_64/sysroot -DHAVE_BUILTIN_CTZL  -g -DANDROID -fdata-sections -ffunction-sections -funwind-tables -fstack-protector-strong -no-canonical-prefixes -fno-addrsig -Wa,--noexecstack -Wformat -Werror=format-security   -fPIE -MD -MT CMakeFiles/cmTC_8ec67.dir/src.c.o -MF CMakeFiles/cmTC_8ec67.dir/src.c.o.d -o CMakeFiles/cmTC_8ec67.dir/src.c.o -c /home/maathess/Bureau/VOLTAMAP/src/main/app/.buildozer/android/platform/build-arm64-v8a_armeabi-v7a/build/other_builds/jpeg/arm64-v8a__ndk_target_21/jpeg/CMakeFiles/CMakeTmp/src.c
Linking C executable cmTC_8ec67
/usr/bin/cmake -E cmake_link_script CMakeFiles/cmTC_8ec67.dir/link.txt --verbose=1
/home/maathess/.buildozer/android/platform/android-ndk-r19c/toolchains/llvm/prebuilt/linux-x86_64/bin/clang --target=aarch64-none-linux-android21 --gcc-toolchain=/home/maathess/.buildozer/android/platform/android-ndk-r19c/toolchains/llvm/prebuilt/linux-x86_64 --sysroot=/home/maathess/.buildozer/android/platform/android-ndk-r19c/toolchains/llvm/prebuilt/linux-x86_64/sysroot -g -DANDROID -fdata-sections -ffunction-sections -funwind-tables -fstack-protector-strong -no-canonical-prefixes -fno-addrsig -Wa,--noexecstack -Wformat -Werror=format-security   -Wl,--exclude-libs,libgcc.a -Wl,--exclude-libs,libatomic.a -static-libstdc++ -Wl,--build-id -Wl,--warn-shared-textrel -Wl,--fatal-warnings -Wl,--no-undefined -Qunused-arguments -Wl,-z,noexecstack -Wl,-z,relro -Wl,-z,now -Wl,--gc-sections   CMakeFiles/cmTC_8ec67.dir/src.c.o -o cmTC_8ec67  -latomic -lm 
make[1]: Leaving directory '/home/maathess/Bureau/VOLTAMAP/src/main/app/.buildozer/android/platform/build-arm64-v8a_armeabi-v7a/build/other_builds/jpeg/arm64-v8a__ndk_target_21/jpeg/CMakeFiles/CMakeTmp'


Source file was:
int main(int argc, char **argv) { unsigned long a = argc;  return __builtin_ctzl(a); }
Determining if files locale.h exist passed with the following output:
Change Dir: /home/maathess/Bureau/VOLTAMAP/src/main/app/.buildozer/android/platform/build-arm64-v8a_armeabi-v7a/build/other_builds/jpeg/arm64-v8a__ndk_target_21/jpeg/CMakeFiles/CMakeTmp

Run Build Command(s):/usr/bin/gmake -f Makefile cmTC_ff132/fast && make -j1  -f CMakeFiles/cmTC_ff132.dir/build.make CMakeFiles/cmTC_ff132.dir/build
make[1]: Entering directory '/home/maathess/Bureau/VOLTAMAP/src/main/app/.buildozer/android/platform/build-arm64-v8a_armeabi-v7a/build/other_builds/jpeg/arm64-v8a__ndk_target_21/jpeg/CMakeFiles/CMakeTmp'
Building C object CMakeFiles/cmTC_ff132.dir/HAVE_LOCALE_H.c.o
/home/maathess/.buildozer/android/platform/android-ndk-r19c/toolchains/llvm/prebuilt/linux-x86_64/bin/clang --target=aarch64-none-linux-android21 --gcc-toolchain=/home/maathess/.buildozer/android/platform/android-ndk-r19c/toolchains/llvm/prebuilt/linux-x86_64 --sysroot=/home/maathess/.buildozer/android/platform/android-ndk-r19c/toolchains/llvm/prebuilt/linux-x86_64/sysroot   -g -DANDROID -fdata-sections -ffunction-sections -funwind-tables -fstack-protector-strong -no-canonical-prefixes -fno-addrsig -Wa,--noexecstack -Wformat -Werror=format-security   -fPIE -MD -MT CMakeFiles/cmTC_ff132.dir/HAVE_LOCALE_H.c.o -MF CMakeFiles/cmTC_ff132.dir/HAVE_LOCALE_H.c.o.d -o CMakeFiles/cmTC_ff132.dir/HAVE_LOCALE_H.c.o -c /home/maathess/Bureau/VOLTAMAP/src/main/app/.buildozer/android/platform/build-arm64-v8a_armeabi-v7a/build/other_builds/jpeg/arm64-v8a__ndk_target_21/jpeg/CMakeFiles/CheckIncludeFiles/HAVE_LOCALE_H.c
Linking C executable cmTC_ff132
/usr/bin/cmake -E cmake_link_script CMakeFiles/cmTC_ff132.dir/link.txt --verbose=1
/home/maathess/.buildozer/android/platform/android-ndk-r19c/toolchains/llvm/prebuilt/linux-x86_64/bin/clang --target=aarch64-none-linux-android21 --gcc-toolchain=/home/maathess/.buildozer/android/platform/android-ndk-r19c/toolchains/llvm/prebuilt/linux-x86_64 --sysroot=/home/maathess/.buildozer/android/platform/android-ndk-r19c/toolchains/llvm/prebuilt/linux-x86_64/sysroot -g -DANDROID -fdata-sections -ffunction-sections -funwind-tables -fstack-protector-strong -no-canonical-prefixes -fno-addrsig -Wa,--noexecstack -Wformat -Werror=format-security   -Wl,--exclude-libs,libgcc.a -Wl,--exclude-libs,libatomic.a -static-libstdc++ -Wl,--build-id -Wl,--warn-shared-textrel -Wl,--fatal-warnings -Wl,--no-undefined -Qunused-arguments -Wl,-z,noexecstack -Wl,-z,relro -Wl,-z,now -Wl,--gc-sections   CMakeFiles/cmTC_ff132.dir/HAVE_LOCALE_H.c.o -o cmTC_ff132  -latomic -lm 
make[1]: Leaving directory '/home/maathess/Bureau/VOLTAMAP/src/main/app/.buildozer/android/platform/build-arm64-v8a_armeabi-v7a/build/other_builds/jpeg/arm64-v8a__ndk_target_21/jpeg/CMakeFiles/CMakeTmp'



Determining if files stdlib.h exist passed with the following output:
Change Dir: /home/maathess/Bureau/VOLTAMAP/src/main/app/.buildozer/android/platform/build-arm64-v8a_armeabi-v7a/build/other_builds/jpeg/arm64-v8a__ndk_target_21/jpeg/CMakeFiles/CMakeTmp

Run Build Command(s):/usr/bin/gmake -f Makefile cmTC_9f05b/fast && make -j1  -f CMakeFiles/cmTC_9f05b.dir/build.make CMakeFiles/cmTC_9f05b.dir/build
make[1]: Entering directory '/home/maathess/Bureau/VOLTAMAP/src/main/app/.buildozer/android/platform/build-arm64-v8a_armeabi-v7a/build/other_builds/jpeg/arm64-v8a__ndk_target_21/jpeg/CMakeFiles/CMakeTmp'
Building C object CMakeFiles/cmTC_9f05b.dir/HAVE_STDLIB_H.c.o
/home/maathess/.buildozer/android/platform/android-ndk-r19c/toolchains/llvm/prebuilt/linux-x86_64/bin/clang --target=aarch64-none-linux-android21 --gcc-toolchain=/home/maathess/.buildozer/android/platform/android-ndk-r19c/toolchains/llvm/prebuilt/linux-x86_64 --sysroot=/home/maathess/.buildozer/android/platform/android-ndk-r19c/toolchains/llvm/prebuilt/linux-x86_64/sysroot   -g -DANDROID -fdata-sections -ffunction-sections -funwind-tables -fstack-protector-strong -no-canonical-prefixes -fno-addrsig -Wa,--noexecstack -Wformat -Werror=format-security   -fPIE -MD -MT CMakeFiles/cmTC_9f05b.dir/HAVE_STDLIB_H.c.o -MF CMakeFiles/cmTC_9f05b.dir/HAVE_STDLIB_H.c.o.d -o CMakeFiles/cmTC_9f05b.dir/HAVE_STDLIB_H.c.o -c /home/maathess/Bureau/VOLTAMAP/src/main/app/.buildozer/android/platform/build-arm64-v8a_armeabi-v7a/build/other_builds/jpeg/arm64-v8a__ndk_target_21/jpeg/CMakeFiles/CheckIncludeFiles/HAVE_STDLIB_H.c
Linking C executable cmTC_9f05b
/usr/bin/cmake -E cmake_link_script CMakeFiles/cmTC_9f05b.dir/link.txt --verbose=1
/home/maathess/.buildozer/android/platform/android-ndk-r19c/toolchains/llvm/prebuilt/linux-x86_64/bin/clang --target=aarch64-none-linux-android21 --gcc-toolchain=/home/maathess/.buildozer/android/platform/android-ndk-r19c/toolchains/llvm/prebuilt/linux-x86_64 --sysroot=/home/maathess/.buildozer/android/platform/android-ndk-r19c/toolchains/llvm/prebuilt/linux-x86_64/sysroot -g -DANDROID -fdata-sections -ffunction-sections -funwind-tables -fstack-protector-strong -no-canonical-prefixes -fno-addrsig -Wa,--noexecstack -Wformat -Werror=format-security   -Wl,--exclude-libs,libgcc.a -Wl,--exclude-libs,libatomic.a -static-libstdc++ -Wl,--build-id -Wl,--warn-shared-textrel -Wl,--fatal-warnings -Wl,--no-undefined -Qunused-arguments -Wl,-z,noexecstack -Wl,-z,relro -Wl,-z,now -Wl,--gc-sections   CMakeFiles/cmTC_9f05b.dir/HAVE_STDLIB_H.c.o -o cmTC_9f05b  -latomic -lm 
make[1]: Leaving directory '/home/maathess/Bureau/VOLTAMAP/src/main/app/.buildozer/android/platform/build-arm64-v8a_armeabi-v7a/build/other_builds/jpeg/arm64-v8a__ndk_target_21/jpeg/CMakeFiles/CMakeTmp'



Determining if files sys/types.h exist passed with the following output:
Change Dir: /home/maathess/Bureau/VOLTAMAP/src/main/app/.buildozer/android/platform/build-arm64-v8a_armeabi-v7a/build/other_builds/jpeg/arm64-v8a__ndk_target_21/jpeg/CMakeFiles/CMakeTmp

Run Build Command(s):/usr/bin/gmake -f Makefile cmTC_03ef0/fast && make -j1  -f CMakeFiles/cmTC_03ef0.dir/build.make CMakeFiles/cmTC_03ef0.dir/build
make[1]: Entering directory '/home/maathess/Bureau/VOLTAMAP/src/main/app/.buildozer/android/platform/build-arm64-v8a_armeabi-v7a/build/other_builds/jpeg/arm64-v8a__ndk_target_21/jpeg/CMakeFiles/CMakeTmp'
Building C object CMakeFiles/cmTC_03ef0.dir/NEED_SYS_TYPES_H.c.o
/home/maathess/.buildozer/android/platform/android-ndk-r19c/toolchains/llvm/prebuilt/linux-x86_64/bin/clang --target=aarch64-none-linux-android21 --gcc-toolchain=/home/maathess/.buildozer/android/platform/android-ndk-r19c/toolchains/llvm/prebuilt/linux-x86_64 --sysroot=/home/maathess/.buildozer/android/platform/android-ndk-r19c/toolchains/llvm/prebuilt/linux-x86_64/sysroot   -g -DANDROID -fdata-sections -ffunction-sections -funwind-tables -fstack-protector-strong -no-canonical-prefixes -fno-addrsig -Wa,--noexecstack -Wformat -Werror=format-security   -fPIE -MD -MT CMakeFiles/cmTC_03ef0.dir/NEED_SYS_TYPES_H.c.o -MF CMakeFiles/cmTC_03ef0.dir/NEED_SYS_TYPES_H.c.o.d -o CMakeFiles/cmTC_03ef0.dir/NEED_SYS_TYPES_H.c.o -c /home/maathess/Bureau/VOLTAMAP/src/main/app/.buildozer/android/platform/build-arm64-v8a_armeabi-v7a/build/other_builds/jpeg/arm64-v8a__ndk_target_21/jpeg/CMakeFiles/CheckIncludeFiles/NEED_SYS_TYPES_H.c
Linking C executable cmTC_03ef0
/usr/bin/cmake -E cmake_link_script CMakeFiles/cmTC_03ef0.dir/link.txt --verbose=1
/home/maathess/.buildozer/android/platform/android-ndk-r19c/toolchains/llvm/prebuilt/linux-x86_64/bin/clang --target=aarch64-none-linux-android21 --gcc-toolchain=/home/maathess/.buildozer/android/platform/android-ndk-r19c/toolchains/llvm/prebuilt/linux-x86_64 --sysroot=/home/maathess/.buildozer/android/platform/android-ndk-r19c/toolchains/llvm/prebuilt/linux-x86_64/sysroot -g -DANDROID -fdata-sections -ffunction-sections -funwind-tables -fstack-protector-strong -no-canonical-prefixes -fno-addrsig -Wa,--noexecstack -Wformat -Werror=format-security   -Wl,--exclude-libs,libgcc.a -Wl,--exclude-libs,libatomic.a -static-libstdc++ -Wl,--build-id -Wl,--warn-shared-textrel -Wl,--fatal-warnings -Wl,--no-undefined -Qunused-arguments -Wl,-z,noexecstack -Wl,-z,relro -Wl,-z,now -Wl,--gc-sections   CMakeFiles/cmTC_03ef0.dir/NEED_SYS_TYPES_H.c.o -o cmTC_03ef0  -latomic -lm 
make[1]: Leaving directory '/home/maathess/Bureau/VOLTAMAP/src/main/app/.buildozer/android/platform/build-arm64-v8a_armeabi-v7a/build/other_builds/jpeg/arm64-v8a__ndk_target_21/jpeg/CMakeFiles/CMakeTmp'



Determining if the memset exist passed with the following output:
Change Dir: /home/maathess/Bureau/VOLTAMAP/src/main/app/.buildozer/android/platform/build-arm64-v8a_armeabi-v7a/build/other_builds/jpeg/arm64-v8a__ndk_target_21/jpeg/CMakeFiles/CMakeTmp

Run Build Command(s):/usr/bin/gmake -f Makefile cmTC_913ba/fast && make -j1  -f CMakeFiles/cmTC_913ba.dir/build.make CMakeFiles/cmTC_913ba.dir/build
make[1]: Entering directory '/home/maathess/Bureau/VOLTAMAP/src/main/app/.buildozer/android/platform/build-arm64-v8a_armeabi-v7a/build/other_builds/jpeg/arm64-v8a__ndk_target_21/jpeg/CMakeFiles/CMakeTmp'
Building C object CMakeFiles/cmTC_913ba.dir/CheckSymbolExists.c.o
/home/maathess/.buildozer/android/platform/android-ndk-r19c/toolchains/llvm/prebuilt/linux-x86_64/bin/clang --target=aarch64-none-linux-android21 --gcc-toolchain=/home/maathess/.buildozer/android/platform/android-ndk-r19c/toolchains/llvm/prebuilt/linux-x86_64 --sysroot=/home/maathess/.buildozer/android/platform/android-ndk-r19c/toolchains/llvm/prebuilt/linux-x86_64/sysroot   -g -DANDROID -fdata-sections -ffunction-sections -funwind-tables -fstack-protector-strong -no-canonical-prefixes -fno-addrsig -Wa,--noexecstack -Wformat   -fPIE -MD -MT CMakeFiles/cmTC_913ba.dir/CheckSymbolExists.c.o -MF CMakeFiles/cmTC_913ba.dir/CheckSymbolExists.c.o.d -o CMakeFiles/cmTC_913ba.dir/CheckSymbolExists.c.o -c /home/maathess/Bureau/VOLTAMAP/src/main/app/.buildozer/android/platform/build-arm64-v8a_armeabi-v7a/build/other_builds/jpeg/arm64-v8a__ndk_target_21/jpeg/CMakeFiles/CMakeTmp/CheckSymbolExists.c
Linking C executable cmTC_913ba
/usr/bin/cmake -E cmake_link_script CMakeFiles/cmTC_913ba.dir/link.txt --verbose=1
/home/maathess/.buildozer/android/platform/android-ndk-r19c/toolchains/llvm/prebuilt/linux-x86_64/bin/clang --target=aarch64-none-linux-android21 --gcc-toolchain=/home/maathess/.buildozer/android/platform/android-ndk-r19c/toolchains/llvm/prebuilt/linux-x86_64 --sysroot=/home/maathess/.buildozer/android/platform/android-ndk-r19c/toolchains/llvm/prebuilt/linux-x86_64/sysroot -g -DANDROID -fdata-sections -ffunction-sections -funwind-tables -fstack-protector-strong -no-canonical-prefixes -fno-addrsig -Wa,--noexecstack -Wformat   -Wl,--exclude-libs,libgcc.a -Wl,--exclude-libs,libatomic.a -static-libstdc++ -Wl,--build-id -Wl,--warn-shared-textrel -Wl,--fatal-warnings -Wl,--no-undefined -Qunused-arguments -Wl,-z,noexecstack -Wl,-z,relro -Wl,-z,now -Wl,--gc-sections   CMakeFiles/cmTC_913ba.dir/CheckSymbolExists.c.o -o cmTC_913ba  -latomic -lm 
make[1]: Leaving directory '/home/maathess/Bureau/VOLTAMAP/src/main/app/.buildozer/android/platform/build-arm64-v8a_armeabi-v7a/build/other_builds/jpeg/arm64-v8a__ndk_target_21/jpeg/CMakeFiles/CMakeTmp'


File /home/maathess/Bureau/VOLTAMAP/src/main/app/.buildozer/android/platform/build-arm64-v8a_armeabi-v7a/build/other_builds/jpeg/arm64-v8a__ndk_target_21/jpeg/CMakeFiles/CMakeTmp/CheckSymbolExists.c:
/* */
#include <string.h>

int main(int argc, char** argv)
{
  (void)argv;
#ifndef memset
  return ((int*)(&memset))[argc];
#else
  (void)argc;
  return 0;
#endif
}
Determining if the memcpy exist passed with the following output:
Change Dir: /home/maathess/Bureau/VOLTAMAP/src/main/app/.buildozer/android/platform/build-arm64-v8a_armeabi-v7a/build/other_builds/jpeg/arm64-v8a__ndk_target_21/jpeg/CMakeFiles/CMakeTmp

Run Build Command(s):/usr/bin/gmake -f Makefile cmTC_53874/fast && make -j1  -f CMakeFiles/cmTC_53874.dir/build.make CMakeFiles/cmTC_53874.dir/build
make[1]: Entering directory '/home/maathess/Bureau/VOLTAMAP/src/main/app/.buildozer/android/platform/build-arm64-v8a_armeabi-v7a/build/other_builds/jpeg/arm64-v8a__ndk_target_21/jpeg/CMakeFiles/CMakeTmp'
Building C object CMakeFiles/cmTC_53874.dir/CheckSymbolExists.c.o
/home/maathess/.buildozer/android/platform/android-ndk-r19c/toolchains/llvm/prebuilt/linux-x86_64/bin/clang --target=aarch64-none-linux-android21 --gcc-toolchain=/home/maathess/.buildozer/android/platform/android-ndk-r19c/toolchains/llvm/prebuilt/linux-x86_64 --sysroot=/home/maathess/.buildozer/android/platform/android-ndk-r19c/toolchains/llvm/prebuilt/linux-x86_64/sysroot   -g -DANDROID -fdata-sections -ffunction-sections -funwind-tables -fstack-protector-strong -no-canonical-prefixes -fno-addrsig -Wa,--noexecstack -Wformat   -fPIE -MD -MT CMakeFiles/cmTC_53874.dir/CheckSymbolExists.c.o -MF CMakeFiles/cmTC_53874.dir/CheckSymbolExists.c.o.d -o CMakeFiles/cmTC_53874.dir/CheckSymbolExists.c.o -c /home/maathess/Bureau/VOLTAMAP/src/main/app/.buildozer/android/platform/build-arm64-v8a_armeabi-v7a/build/other_builds/jpeg/arm64-v8a__ndk_target_21/jpeg/CMakeFiles/CMakeTmp/CheckSymbolExists.c
Linking C executable cmTC_53874
/usr/bin/cmake -E cmake_link_script CMakeFiles/cmTC_53874.dir/link.txt --verbose=1
/home/maathess/.buildozer/android/platform/android-ndk-r19c/toolchains/llvm/prebuilt/linux-x86_64/bin/clang --target=aarch64-none-linux-android21 --gcc-toolchain=/home/maathess/.buildozer/android/platform/android-ndk-r19c/toolchains/llvm/prebuilt/linux-x86_64 --sysroot=/home/maathess/.buildozer/android/platform/android-ndk-r19c/toolchains/llvm/prebuilt/linux-x86_64/sysroot -g -DANDROID -fdata-sections -ffunction-sections -funwind-tables -fstack-protector-strong -no-canonical-prefixes -fno-addrsig -Wa,--noexecstack -Wformat   -Wl,--exclude-libs,libgcc.a -Wl,--exclude-libs,libatomic.a -static-libstdc++ -Wl,--build-id -Wl,--warn-shared-textrel -Wl,--fatal-warnings -Wl,--no-undefined -Qunused-arguments -Wl,-z,noexecstack -Wl,-z,relro -Wl,-z,now -Wl,--gc-sections   CMakeFiles/cmTC_53874.dir/CheckSymbolExists.c.o -o cmTC_53874  -latomic -lm 
make[1]: Leaving directory '/home/maathess/Bureau/VOLTAMAP/src/main/app/.buildozer/android/platform/build-arm64-v8a_armeabi-v7a/build/other_builds/jpeg/arm64-v8a__ndk_target_21/jpeg/CMakeFiles/CMakeTmp'


File /home/maathess/Bureau/VOLTAMAP/src/main/app/.buildozer/android/platform/build-arm64-v8a_armeabi-v7a/build/other_builds/jpeg/arm64-v8a__ndk_target_21/jpeg/CMakeFiles/CMakeTmp/CheckSymbolExists.c:
/* */
#include <string.h>

int main(int argc, char** argv)
{
  (void)argv;
#ifndef memcpy
  return ((int*)(&memcpy))[argc];
#else
  (void)argc;
  return 0;
#endif
}
Determining size of unsigned char passed with the following output:
Change Dir: /home/maathess/Bureau/VOLTAMAP/src/main/app/.buildozer/android/platform/build-arm64-v8a_armeabi-v7a/build/other_builds/jpeg/arm64-v8a__ndk_target_21/jpeg/CMakeFiles/CMakeTmp

Run Build Command(s):/usr/bin/gmake -f Makefile cmTC_05779/fast && make -j1  -f CMakeFiles/cmTC_05779.dir/build.make CMakeFiles/cmTC_05779.dir/build
make[1]: Entering directory '/home/maathess/Bureau/VOLTAMAP/src/main/app/.buildozer/android/platform/build-arm64-v8a_armeabi-v7a/build/other_builds/jpeg/arm64-v8a__ndk_target_21/jpeg/CMakeFiles/CMakeTmp'
Building C object CMakeFiles/cmTC_05779.dir/UNSIGNED_CHAR.c.o
/home/maathess/.buildozer/android/platform/android-ndk-r19c/toolchains/llvm/prebuilt/linux-x86_64/bin/clang --target=aarch64-none-linux-android21 --gcc-toolchain=/home/maathess/.buildozer/android/platform/android-ndk-r19c/toolchains/llvm/prebuilt/linux-x86_64 --sysroot=/home/maathess/.buildozer/android/platform/android-ndk-r19c/toolchains/llvm/prebuilt/linux-x86_64/sysroot   -g -DANDROID -fdata-sections -ffunction-sections -funwind-tables -fstack-protector-strong -no-canonical-prefixes -fno-addrsig -Wa,--noexecstack -Wformat -Werror=format-security   -fPIE -MD -MT CMakeFiles/cmTC_05779.dir/UNSIGNED_CHAR.c.o -MF CMakeFiles/cmTC_05779.dir/UNSIGNED_CHAR.c.o.d -o CMakeFiles/cmTC_05779.dir/UNSIGNED_CHAR.c.o -c /home/maathess/Bureau/VOLTAMAP/src/main/app/.buildozer/android/platform/build-arm64-v8a_armeabi-v7a/build/other_builds/jpeg/arm64-v8a__ndk_target_21/jpeg/CMakeFiles/CheckTypeSize/UNSIGNED_CHAR.c
Linking C executable cmTC_05779
/usr/bin/cmake -E cmake_link_script CMakeFiles/cmTC_05779.dir/link.txt --verbose=1
/home/maathess/.buildozer/android/platform/android-ndk-r19c/toolchains/llvm/prebuilt/linux-x86_64/bin/clang --target=aarch64-none-linux-android21 --gcc-toolchain=/home/maathess/.buildozer/android/platform/android-ndk-r19c/toolchains/llvm/prebuilt/linux-x86_64 --sysroot=/home/maathess/.buildozer/android/platform/android-ndk-r19c/toolchains/llvm/prebuilt/linux-x86_64/sysroot -g -DANDROID -fdata-sections -ffunction-sections -funwind-tables -fstack-protector-strong -no-canonical-prefixes -fno-addrsig -Wa,--noexecstack -Wformat -Werror=format-security   -Wl,--exclude-libs,libgcc.a -Wl,--exclude-libs,libatomic.a -static-libstdc++ -Wl,--build-id -Wl,--warn-shared-textrel -Wl,--fatal-warnings -Wl,--no-undefined -Qunused-arguments -Wl,-z,noexecstack -Wl,-z,relro -Wl,-z,now -Wl,--gc-sections   CMakeFiles/cmTC_05779.dir/UNSIGNED_CHAR.c.o -o cmTC_05779  -latomic -lm 
make[1]: Leaving directory '/home/maathess/Bureau/VOLTAMAP/src/main/app/.buildozer/android/platform/build-arm64-v8a_armeabi-v7a/build/other_builds/jpeg/arm64-v8a__ndk_target_21/jpeg/CMakeFiles/CMakeTmp'



Determining size of unsigned short passed with the following output:
Change Dir: /home/maathess/Bureau/VOLTAMAP/src/main/app/.buildozer/android/platform/build-arm64-v8a_armeabi-v7a/build/other_builds/jpeg/arm64-v8a__ndk_target_21/jpeg/CMakeFiles/CMakeTmp

Run Build Command(s):/usr/bin/gmake -f Makefile cmTC_424a8/fast && make -j1  -f CMakeFiles/cmTC_424a8.dir/build.make CMakeFiles/cmTC_424a8.dir/build
make[1]: Entering directory '/home/maathess/Bureau/VOLTAMAP/src/main/app/.buildozer/android/platform/build-arm64-v8a_armeabi-v7a/build/other_builds/jpeg/arm64-v8a__ndk_target_21/jpeg/CMakeFiles/CMakeTmp'
Building C object CMakeFiles/cmTC_424a8.dir/UNSIGNED_SHORT.c.o
/home/maathess/.buildozer/android/platform/android-ndk-r19c/toolchains/llvm/prebuilt/linux-x86_64/bin/clang --target=aarch64-none-linux-android21 --gcc-toolchain=/home/maathess/.buildozer/android/platform/android-ndk-r19c/toolchains/llvm/prebuilt/linux-x86_64 --sysroot=/home/maathess/.buildozer/android/platform/android-ndk-r19c/toolchains/llvm/prebuilt/linux-x86_64/sysroot   -g -DANDROID -fdata-sections -ffunction-sections -funwind-tables -fstack-protector-strong -no-canonical-prefixes -fno-addrsig -Wa,--noexecstack -Wformat -Werror=format-security   -fPIE -MD -MT CMakeFiles/cmTC_424a8.dir/UNSIGNED_SHORT.c.o -MF CMakeFiles/cmTC_424a8.dir/UNSIGNED_SHORT.c.o.d -o CMakeFiles/cmTC_424a8.dir/UNSIGNED_SHORT.c.o -c /home/maathess/Bureau/VOLTAMAP/src/main/app/.buildozer/android/platform/build-arm64-v8a_armeabi-v7a/build/other_builds/jpeg/arm64-v8a__ndk_target_21/jpeg/CMakeFiles/CheckTypeSize/UNSIGNED_SHORT.c
Linking C executable cmTC_424a8
/usr/bin/cmake -E cmake_link_script CMakeFiles/cmTC_424a8.dir/link.txt --verbose=1
/home/maathess/.buildozer/android/platform/android-ndk-r19c/toolchains/llvm/prebuilt/linux-x86_64/bin/clang --target=aarch64-none-linux-android21 --gcc-toolchain=/home/maathess/.buildozer/android/platform/android-ndk-r19c/toolchains/llvm/prebuilt/linux-x86_64 --sysroot=/home/maathess/.buildozer/android/platform/android-ndk-r19c/toolchains/llvm/prebuilt/linux-x86_64/sysroot -g -DANDROID -fdata-sections -ffunction-sections -funwind-tables -fstack-protector-strong -no-canonical-prefixes -fno-addrsig -Wa,--noexecstack -Wformat -Werror=format-security   -Wl,--exclude-libs,libgcc.a -Wl,--exclude-libs,libatomic.a -static-libstdc++ -Wl,--build-id -Wl,--warn-shared-textrel -Wl,--fatal-warnings -Wl,--no-undefined -Qunused-arguments -Wl,-z,noexecstack -Wl,-z,relro -Wl,-z,now -Wl,--gc-sections   CMakeFiles/cmTC_424a8.dir/UNSIGNED_SHORT.c.o -o cmTC_424a8  -latomic -lm 
make[1]: Leaving directory '/home/maathess/Bureau/VOLTAMAP/src/main/app/.buildozer/android/platform/build-arm64-v8a_armeabi-v7a/build/other_builds/jpeg/arm64-v8a__ndk_target_21/jpeg/CMakeFiles/CMakeTmp'



Performing C SOURCE FILE Test INCOMPLETE_TYPES succeeded with the following output:
Change Dir: /home/maathess/Bureau/VOLTAMAP/src/main/app/.buildozer/android/platform/build-arm64-v8a_armeabi-v7a/build/other_builds/jpeg/arm64-v8a__ndk_target_21/jpeg/CMakeFiles/CMakeTmp

Run Build Command(s):/usr/bin/gmake -f Makefile cmTC_808a3/fast && make -j1  -f CMakeFiles/cmTC_808a3.dir/build.make CMakeFiles/cmTC_808a3.dir/build
make[1]: Entering directory '/home/maathess/Bureau/VOLTAMAP/src/main/app/.buildozer/android/platform/build-arm64-v8a_armeabi-v7a/build/other_builds/jpeg/arm64-v8a__ndk_target_21/jpeg/CMakeFiles/CMakeTmp'
Building C object CMakeFiles/cmTC_808a3.dir/src.c.o
/home/maathess/.buildozer/android/platform/android-ndk-r19c/toolchains/llvm/prebuilt/linux-x86_64/bin/clang --target=aarch64-none-linux-android21 --gcc-toolchain=/home/maathess/.buildozer/android/platform/android-ndk-r19c/toolchains/llvm/prebuilt/linux-x86_64 --sysroot=/home/maathess/.buildozer/android/platform/android-ndk-r19c/toolchains/llvm/prebuilt/linux-x86_64/sysroot -DINCOMPLETE_TYPES  -g -DANDROID -fdata-sections -ffunction-sections -funwind-tables -fstack-protector-strong -no-canonical-prefixes -fno-addrsig -Wa,--noexecstack -Wformat -Werror=format-security   -fPIE -MD -MT CMakeFiles/cmTC_808a3.dir/src.c.o -MF CMakeFiles/cmTC_808a3.dir/src.c.o.d -o CMakeFiles/cmTC_808a3.dir/src.c.o -c /home/maathess/Bureau/VOLTAMAP/src/main/app/.buildozer/android/platform/build-arm64-v8a_armeabi-v7a/build/other_builds/jpeg/arm64-v8a__ndk_target_21/jpeg/CMakeFiles/CMakeTmp/src.c
Linking C executable cmTC_808a3
/usr/bin/cmake -E cmake_link_script CMakeFiles/cmTC_808a3.dir/link.txt --verbose=1
/home/maathess/.buildozer/android/platform/android-ndk-r19c/toolchains/llvm/prebuilt/linux-x86_64/bin/clang --target=aarch64-none-linux-android21 --gcc-toolchain=/home/maathess/.buildozer/android/platform/android-ndk-r19c/toolchains/llvm/prebuilt/linux-x86_64 --sysroot=/home/maathess/.buildozer/android/platform/android-ndk-r19c/toolchains/llvm/prebuilt/linux-x86_64/sysroot -g -DANDROID -fdata-sections -ffunction-sections -funwind-tables -fstack-protector-strong -no-canonical-prefixes -fno-addrsig -Wa,--noexecstack -Wformat -Werror=format-security   -Wl,--exclude-libs,libgcc.a -Wl,--exclude-libs,libatomic.a -static-libstdc++ -Wl,--build-id -Wl,--warn-shared-textrel -Wl,--fatal-warnings -Wl,--no-undefined -Qunused-arguments -Wl,-z,noexecstack -Wl,-z,relro -Wl,-z,now -Wl,--gc-sections   CMakeFiles/cmTC_808a3.dir/src.c.o -o cmTC_808a3  -latomic -lm 
make[1]: Leaving directory '/home/maathess/Bureau/VOLTAMAP/src/main/app/.buildozer/android/platform/build-arm64-v8a_armeabi-v7a/build/other_builds/jpeg/arm64-v8a__ndk_target_21/jpeg/CMakeFiles/CMakeTmp'


Source file was:
int main(void) { typedef struct undefined_structure *undef_struct_ptr;  undef_struct_ptr ptr = 0;  return ptr != 0; }
Performing C SOURCE FILE Test INLINE_WORKS succeeded with the following output:
Change Dir: /home/maathess/Bureau/VOLTAMAP/src/main/app/.buildozer/android/platform/build-arm64-v8a_armeabi-v7a/build/other_builds/jpeg/arm64-v8a__ndk_target_21/jpeg/CMakeFiles/CMakeTmp

Run Build Command(s):/usr/bin/gmake -f Makefile cmTC_41799/fast && make -j1  -f CMakeFiles/cmTC_41799.dir/build.make CMakeFiles/cmTC_41799.dir/build
make[1]: Entering directory '/home/maathess/Bureau/VOLTAMAP/src/main/app/.buildozer/android/platform/build-arm64-v8a_armeabi-v7a/build/other_builds/jpeg/arm64-v8a__ndk_target_21/jpeg/CMakeFiles/CMakeTmp'
Building C object CMakeFiles/cmTC_41799.dir/src.c.o
/home/maathess/.buildozer/android/platform/android-ndk-r19c/toolchains/llvm/prebuilt/linux-x86_64/bin/clang --target=aarch64-none-linux-android21 --gcc-toolchain=/home/maathess/.buildozer/android/platform/android-ndk-r19c/toolchains/llvm/prebuilt/linux-x86_64 --sysroot=/home/maathess/.buildozer/android/platform/android-ndk-r19c/toolchains/llvm/prebuilt/linux-x86_64/sysroot -DINLINE_WORKS  -g -DANDROID -fdata-sections -ffunction-sections -funwind-tables -fstack-protector-strong -no-canonical-prefixes -fno-addrsig -Wa,--noexecstack -Wformat -Werror=format-security   -fPIE -MD -MT CMakeFiles/cmTC_41799.dir/src.c.o -MF CMakeFiles/cmTC_41799.dir/src.c.o.d -o CMakeFiles/cmTC_41799.dir/src.c.o -c /home/maathess/Bureau/VOLTAMAP/src/main/app/.buildozer/android/platform/build-arm64-v8a_armeabi-v7a/build/other_builds/jpeg/arm64-v8a__ndk_target_21/jpeg/CMakeFiles/CMakeTmp/src.c
Linking C executable cmTC_41799
/usr/bin/cmake -E cmake_link_script CMakeFiles/cmTC_41799.dir/link.txt --verbose=1
/home/maathess/.buildozer/android/platform/android-ndk-r19c/toolchains/llvm/prebuilt/linux-x86_64/bin/clang --target=aarch64-none-linux-android21 --gcc-toolchain=/home/maathess/.buildozer/android/platform/android-ndk-r19c/toolchains/llvm/prebuilt/linux-x86_64 --sysroot=/home/maathess/.buildozer/android/platform/android-ndk-r19c/toolchains/llvm/prebuilt/linux-x86_64/sysroot -g -DANDROID -fdata-sections -ffunction-sections -funwind-tables -fstack-protector-strong -no-canonical-prefixes -fno-addrsig -Wa,--noexecstack -Wformat -Werror=format-security   -Wl,--exclude-libs,libgcc.a -Wl,--exclude-libs,libatomic.a -static-libstdc++ -Wl,--build-id -Wl,--warn-shared-textrel -Wl,--fatal-warnings -Wl,--no-undefined -Qunused-arguments -Wl,-z,noexecstack -Wl,-z,relro -Wl,-z,now -Wl,--gc-sections   CMakeFiles/cmTC_41799.dir/src.c.o -o cmTC_41799  -latomic -lm 
make[1]: Leaving directory '/home/maathess/Bureau/VOLTAMAP/src/main/app/.buildozer/android/platform/build-arm64-v8a_armeabi-v7a/build/other_builds/jpeg/arm64-v8a__ndk_target_21/jpeg/CMakeFiles/CMakeTmp'


Source file was:
__inline__ __attribute__((always_inline)) static int foo(void) { return 0; } int main(void) { return foo(); }
Performing C SOURCE FILE Test HAVE_VERSION_SCRIPT succeeded with the following output:
Change Dir: /home/maathess/Bureau/VOLTAMAP/src/main/app/.buildozer/android/platform/build-arm64-v8a_armeabi-v7a/build/other_builds/jpeg/arm64-v8a__ndk_target_21/jpeg/CMakeFiles/CMakeTmp

Run Build Command(s):/usr/bin/gmake -f Makefile cmTC_d31aa/fast && make -j1  -f CMakeFiles/cmTC_d31aa.dir/build.make CMakeFiles/cmTC_d31aa.dir/build
make[1]: Entering directory '/home/maathess/Bureau/VOLTAMAP/src/main/app/.buildozer/android/platform/build-arm64-v8a_armeabi-v7a/build/other_builds/jpeg/arm64-v8a__ndk_target_21/jpeg/CMakeFiles/CMakeTmp'
Building C object CMakeFiles/cmTC_d31aa.dir/src.c.o
/home/maathess/.buildozer/android/platform/android-ndk-r19c/toolchains/llvm/prebuilt/linux-x86_64/bin/clang --target=aarch64-none-linux-android21 --gcc-toolchain=/home/maathess/.buildozer/android/platform/android-ndk-r19c/toolchains/llvm/prebuilt/linux-x86_64 --sysroot=/home/maathess/.buildozer/android/platform/android-ndk-r19c/toolchains/llvm/prebuilt/linux-x86_64/sysroot -DHAVE_VERSION_SCRIPT  -g -DANDROID -fdata-sections -ffunction-sections -funwind-tables -fstack-protector-strong -no-canonical-prefixes -fno-addrsig -Wa,--noexecstack -Wformat -Werror=format-security  -Wl,--version-script,/home/maathess/Bureau/VOLTAMAP/src/main/app/.buildozer/android/platform/build-arm64-v8a_armeabi-v7a/build/other_builds/jpeg/arm64-v8a__ndk_target_21/jpeg/conftest.map -fPIE -MD -MT CMakeFiles/cmTC_d31aa.dir/src.c.o -MF CMakeFiles/cmTC_d31aa.dir/src.c.o.d -o CMakeFiles/cmTC_d31aa.dir/src.c.o -c /home/maathess/Bureau/VOLTAMAP/src/main/app/.buildozer/android/platform/build-arm64-v8a_armeabi-v7a/build/other_builds/jpeg/arm64-v8a__ndk_target_21/jpeg/CMakeFiles/CMakeTmp/src.c
clang: warning: -Wl,--version-script,/home/maathess/Bureau/VOLTAMAP/src/main/app/.buildozer/android/platform/build-arm64-v8a_armeabi-v7a/build/other_builds/jpeg/arm64-v8a__ndk_target_21/jpeg/conftest.map: 'linker' input unused [-Wunused-command-line-argument]
Linking C executable cmTC_d31aa
/usr/bin/cmake -E cmake_link_script CMakeFiles/cmTC_d31aa.dir/link.txt --verbose=1
/home/maathess/.buildozer/android/platform/android-ndk-r19c/toolchains/llvm/prebuilt/linux-x86_64/bin/clang --target=aarch64-none-linux-android21 --gcc-toolchain=/home/maathess/.buildozer/android/platform/android-ndk-r19c/toolchains/llvm/prebuilt/linux-x86_64 --sysroot=/home/maathess/.buildozer/android/platform/android-ndk-r19c/toolchains/llvm/prebuilt/linux-x86_64/sysroot -g -DANDROID -fdata-sections -ffunction-sections -funwind-tables -fstack-protector-strong -no-canonical-prefixes -fno-addrsig -Wa,--noexecstack -Wformat -Werror=format-security  -Wl,--version-script,/home/maathess/Bureau/VOLTAMAP/src/main/app/.buildozer/android/platform/build-arm64-v8a_armeabi-v7a/build/other_builds/jpeg/arm64-v8a__ndk_target_21/jpeg/conftest.map -Wl,--exclude-libs,libgcc.a -Wl,--exclude-libs,libatomic.a -static-libstdc++ -Wl,--build-id -Wl,--warn-shared-textrel -Wl,--fatal-warnings -Wl,--no-undefined -Qunused-arguments -Wl,-z,noexecstack -Wl,-z,relro -Wl,-z,now -Wl,--gc-sections   CMakeFiles/cmTC_d31aa.dir/src.c.o -o cmTC_d31aa  -latomic -lm 
make[1]: Leaving directory '/home/maathess/Bureau/VOLTAMAP/src/main/app/.buildozer/android/platform/build-arm64-v8a_armeabi-v7a/build/other_builds/jpeg/arm64-v8a__ndk_target_21/jpeg/CMakeFiles/CMakeTmp'


Source file was:
int main(void) { return 0; }
Checking whether the ASM compiler is Clang using "--version" matched "(clang version)":
Android (5058415 based on r339409) clang version 8.0.2 (https://android.googlesource.com/toolchain/clang 40173bab62ec746213857d083c0e8b0abb568790) (https://android.googlesource.com/toolchain/llvm 7a6618d69e7e8111e1d49dc9e7813767c5ca756a) (based on LLVM 8.0.2svn)
Target: x86_64-unknown-linux-gnu
Thread model: posix
InstalledDir: /home/maathess/.buildozer/android/platform/android-ndk-r19c/toolchains/llvm/prebuilt/linux-x86_64/bin
